
Showing logs for build [32mcb-kubecd-bdd-spring-1585794384-987tv-1[0m stage [32mfrom-build-pack[0m and container [32mstep-credential-initializer-4xd8m[0m
{"level":"warn","ts":1585795087.6592498,"logger":"fallback-logger","caller":"logging/config.go:69","msg":"Fetch GitHub commit ID from kodata failed: \"ref: refs/heads/0.8.0-**-support-backwards-incompats\" is not a valid GitHub commit ID"}
{"level":"info","ts":1585795087.6599233,"logger":"fallback-logger","caller":"creds-init/main.go:40","msg":"Credentials initialized."}

Showing logs for build [32mcb-kubecd-bdd-spring-1585794384-987tv-1[0m stage [32mfrom-build-pack[0m and container [32mstep-working-dir-initializer-zxqrl[0m
{"level":"warn","ts":1585795088.1788902,"logger":"fallback-logger","caller":"logging/config.go:69","msg":"Fetch GitHub commit ID from kodata failed: open /var/run/ko/HEAD: no such file or directory"}
{"level":"info","ts":1585795088.183795,"logger":"fallback-logger","caller":"bash/main.go:64","msg":"Successfully executed command \"sh -c mkdir -p /workspace/source\"; output "}

Showing logs for build [32mcb-kubecd-bdd-spring-1585794384-987tv-1[0m stage [32mfrom-build-pack[0m and container [32mstep-place-tools[0m

Showing logs for build [32mcb-kubecd-bdd-spring-1585794384-987tv-1[0m stage [32mfrom-build-pack[0m and container [32mstep-git-source-cb-kubecd-bdd-spring-1585794384-987tv-wr4jw[0m
{"level":"warn","ts":1585795094.2574406,"logger":"fallback-logger","caller":"logging/config.go:69","msg":"Fetch GitHub commit ID from kodata failed: \"ref: refs/heads/0.8.0-**-support-backwards-incompats\" is not a valid GitHub commit ID"}
{"level":"info","ts":1585795095.4572911,"logger":"fallback-logger","caller":"git/git.go:103","msg":"Successfully cloned https://github.com/cb-kubecd/bdd-spring-1585794384.git @ master in path /workspace/source"}

Showing logs for build [32mcb-kubecd-bdd-spring-1585794384-987tv-1[0m stage [32mfrom-build-pack[0m and container [32mstep-git-merge[0m
Using SHAs from PULL_REFS=master:8e3ab6094dbda40273f1dddf8cf7c221bb4c9c12,1:429894777ce1c2ba0e3cde18685064437e73d530
DEBUG: LC_ALL=C JX_LOG_LEVEL=error git fetch origin --unshallow 429894777ce1c2ba0e3cde18685064437e73d530: 8e3ab6094dbda40273f1dddf8cf7c221bb4c9c12:
DEBUG: ran git fetch --unshallow origin 429894777ce1c2ba0e3cde18685064437e73d530: 8e3ab6094dbda40273f1dddf8cf7c221bb4c9c12: in 
DEBUG: LC_ALL=C JX_LOG_LEVEL=error git branch
DEBUG: LC_ALL=C JX_LOG_LEVEL=error git checkout master
DEBUG: ran git checkout master in 
DEBUG: LC_ALL=C JX_LOG_LEVEL=error git reset --hard 8e3ab6094dbda40273f1dddf8cf7c221bb4c9c12
DEBUG: ran git reset --hard 8e3ab6094dbda40273f1dddf8cf7c221bb4c9c12 in 
DEBUG: LC_ALL=C JX_LOG_LEVEL=error git clean -fd .
DEBUG: ran clean --force -d . in 
DEBUG: LC_ALL=C JX_LOG_LEVEL=error git merge 429894777ce1c2ba0e3cde18685064437e73d530
DEBUG: ran git merge 429894777ce1c2ba0e3cde18685064437e73d530 in 
DEBUG: LC_ALL=C JX_LOG_LEVEL=error git log --format=%H%x1f%an%x1f%ae%x1f%cn%x1f%ce%x1f%s%n%b%x1e 8e3ab6094dbda40273f1dddf8cf7c221bb4c9c12..HEAD
Merged SHA 429894777ce1c2ba0e3cde18685064437e73d530 with commit message 'My first PR commit' into base branch master

Showing logs for build [32mcb-kubecd-bdd-spring-1585794384-987tv-1[0m stage [32mfrom-build-pack[0m and container [32mstep-build-set-version[0m
Picked up _JAVA_OPTIONS: -XX:+UnlockExperimentalVMOptions -XX:+UseCGroupMemoryLimitForHeap -Dsun.zip.disableMemoryMapping=true -XX:+UseParallelGC -XX:MinHeapFreeRatio=5 -XX:MaxHeapFreeRatio=10 -XX:GCTimeRatio=4 -XX:AdaptiveSizePolicyWeight=90 -Xms10m -Xmx192m
OpenJDK 64-Bit Server VM warning: If the number of processors is expected to increase from one, then you should configure the number of parallel GC threads appropriately using -XX:ParallelGCThreads=N
[INFO] Scanning for projects...
[INFO] 
[INFO] -----------------< com.example:bdd-spring-1585794384 >------------------
[INFO] Building demo 0.0.1-SNAPSHOT
[INFO] --------------------------------[ jar ]---------------------------------
[INFO] 
[INFO] --- versions-maven-plugin:2.7:set (default-cli) @ bdd-spring-1585794384 ---
[INFO] Searching for local aggregator root...
[INFO] Local aggregation root: /workspace/source
[INFO] Processing change of com.example:bdd-spring-1585794384:0.0.1-SNAPSHOT -> 0.0.0-SNAPSHOT-PR-1-1
[INFO] Processing com.example:bdd-spring-1585794384
[INFO]     Updating project com.example:bdd-spring-1585794384
[INFO]         from version 0.0.1-SNAPSHOT to 0.0.0-SNAPSHOT-PR-1-1
[INFO] 
[INFO] ------------------------------------------------------------------------
[INFO] BUILD SUCCESS
[INFO] ------------------------------------------------------------------------
[INFO] Total time:  15.248 s
[INFO] Finished at: 2020-04-02T02:38:36Z
[INFO] ------------------------------------------------------------------------

Showing logs for build [32mcb-kubecd-bdd-spring-1585794384-987tv-1[0m stage [32mfrom-build-pack[0m and container [32mstep-build-mvn-install[0m
Picked up _JAVA_OPTIONS: -XX:+UnlockExperimentalVMOptions -XX:+UseCGroupMemoryLimitForHeap -Dsun.zip.disableMemoryMapping=true -XX:+UseParallelGC -XX:MinHeapFreeRatio=5 -XX:MaxHeapFreeRatio=10 -XX:GCTimeRatio=4 -XX:AdaptiveSizePolicyWeight=90 -Xms10m -Xmx192m
OpenJDK 64-Bit Server VM warning: If the number of processors is expected to increase from one, then you should configure the number of parallel GC threads appropriately using -XX:ParallelGCThreads=N
[INFO] Scanning for projects...
[INFO] 
[INFO] -----------------< com.example:bdd-spring-1585794384 >------------------
[INFO] Building demo 0.0.0-SNAPSHOT-PR-1-1
[INFO] --------------------------------[ jar ]---------------------------------
[INFO] 
[INFO] --- maven-resources-plugin:3.1.0:resources (default-resources) @ bdd-spring-1585794384 ---
[INFO] Using 'UTF-8' encoding to copy filtered resources.
[INFO] Copying 1 resource
[INFO] Copying 0 resource
[INFO] 
[INFO] --- maven-compiler-plugin:3.8.1:compile (default-compile) @ bdd-spring-1585794384 ---
[INFO] Changes detected - recompiling the module!
[INFO] Compiling 1 source file to /workspace/source/target/classes
[INFO] 
[INFO] --- maven-resources-plugin:3.1.0:testResources (default-testResources) @ bdd-spring-1585794384 ---
[INFO] Using 'UTF-8' encoding to copy filtered resources.
[INFO] skip non existing resourceDirectory /workspace/source/src/test/resources
[INFO] 
[INFO] --- maven-compiler-plugin:3.8.1:testCompile (default-testCompile) @ bdd-spring-1585794384 ---
[INFO] Changes detected - recompiling the module!
[INFO] Compiling 1 source file to /workspace/source/target/test-classes
[INFO] 
[INFO] --- maven-surefire-plugin:3.0.0-M1:test (default-test) @ bdd-spring-1585794384 ---
[INFO] 
[INFO] -------------------------------------------------------
[INFO]  T E S T S
[INFO] -------------------------------------------------------
[INFO] Running com.example.bddspring1585794384.DemoApplicationTests
02:39:00.343 [main] DEBUG org.springframework.test.context.BootstrapUtils - Instantiating CacheAwareContextLoaderDelegate from class [org.springframework.test.context.cache.DefaultCacheAwareContextLoaderDelegate]
02:39:00.423 [main] DEBUG org.springframework.test.context.BootstrapUtils - Instantiating BootstrapContext using constructor [public org.springframework.test.context.support.DefaultBootstrapContext(java.lang.Class,org.springframework.test.context.CacheAwareContextLoaderDelegate)]
02:39:00.551 [main] DEBUG org.springframework.test.context.BootstrapUtils - Instantiating TestContextBootstrapper for test class [com.example.bddspring1585794384.DemoApplicationTests] from class [org.springframework.boot.test.context.SpringBootTestContextBootstrapper]
02:39:00.616 [main] INFO org.springframework.boot.test.context.SpringBootTestContextBootstrapper - Neither @ContextConfiguration nor @ContextHierarchy found for test class [com.example.bddspring1585794384.DemoApplicationTests], using SpringBootContextLoader
02:39:00.624 [main] DEBUG org.springframework.test.context.support.AbstractContextLoader - Did not detect default resource location for test class [com.example.bddspring1585794384.DemoApplicationTests]: class path resource [com/example/bddspring1585794384/DemoApplicationTests-context.xml] does not exist
02:39:00.626 [main] DEBUG org.springframework.test.context.support.AbstractContextLoader - Did not detect default resource location for test class [com.example.bddspring1585794384.DemoApplicationTests]: class path resource [com/example/bddspring1585794384/DemoApplicationTestsContext.groovy] does not exist
02:39:00.628 [main] INFO org.springframework.test.context.support.AbstractContextLoader - Could not detect default resource locations for test class [com.example.bddspring1585794384.DemoApplicationTests]: no resource found for suffixes {-context.xml, Context.groovy}.
02:39:00.630 [main] INFO org.springframework.test.context.support.AnnotationConfigContextLoaderUtils - Could not detect default configuration classes for test class [com.example.bddspring1585794384.DemoApplicationTests]: DemoApplicationTests does not declare any static, non-private, non-final, nested classes annotated with @Configuration.
02:39:00.743 [main] DEBUG org.springframework.test.context.support.ActiveProfilesUtils - Could not find an 'annotation declaring class' for annotation type [org.springframework.test.context.ActiveProfiles] and class [com.example.bddspring1585794384.DemoApplicationTests]
02:39:00.866 [main] DEBUG org.springframework.context.annotation.ClassPathScanningCandidateComponentProvider - Identified candidate component class: file [/workspace/source/target/classes/com/example/bddspring1585794384/DemoApplication.class]
02:39:00.869 [main] INFO org.springframework.boot.test.context.SpringBootTestContextBootstrapper - Found @SpringBootConfiguration com.example.bddspring1585794384.DemoApplication for test class com.example.bddspring1585794384.DemoApplicationTests
02:39:01.155 [main] DEBUG org.springframework.boot.test.context.SpringBootTestContextBootstrapper - @TestExecutionListeners is not present for class [com.example.bddspring1585794384.DemoApplicationTests]: using defaults.
02:39:01.157 [main] INFO org.springframework.boot.test.context.SpringBootTestContextBootstrapper - Loaded default TestExecutionListener class names from location [META-INF/spring.factories]: [org.springframework.boot.test.mock.mockito.MockitoTestExecutionListener, org.springframework.boot.test.mock.mockito.ResetMocksTestExecutionListener, org.springframework.boot.test.autoconfigure.restdocs.RestDocsTestExecutionListener, org.springframework.boot.test.autoconfigure.web.client.MockRestServiceServerResetTestExecutionListener, org.springframework.boot.test.autoconfigure.web.servlet.MockMvcPrintOnlyOnFailureTestExecutionListener, org.springframework.boot.test.autoconfigure.web.servlet.WebDriverTestExecutionListener, org.springframework.test.context.web.ServletTestExecutionListener, org.springframework.test.context.support.DirtiesContextBeforeModesTestExecutionListener, org.springframework.test.context.support.DependencyInjectionTestExecutionListener, org.springframework.test.context.support.DirtiesContextTestExecutionListener, org.springframework.test.context.transaction.TransactionalTestExecutionListener, org.springframework.test.context.jdbc.SqlScriptsTestExecutionListener, org.springframework.test.context.event.EventPublishingTestExecutionListener]
02:39:01.218 [main] DEBUG org.springframework.boot.test.context.SpringBootTestContextBootstrapper - Skipping candidate TestExecutionListener [org.springframework.test.context.transaction.TransactionalTestExecutionListener] due to a missing dependency. Specify custom listener classes or make the default listener classes and their required dependencies available. Offending class: [org/springframework/transaction/TransactionDefinition]
02:39:01.220 [main] DEBUG org.springframework.boot.test.context.SpringBootTestContextBootstrapper - Skipping candidate TestExecutionListener [org.springframework.test.context.jdbc.SqlScriptsTestExecutionListener] due to a missing dependency. Specify custom listener classes or make the default listener classes and their required dependencies available. Offending class: [org/springframework/transaction/interceptor/TransactionAttribute]
02:39:01.222 [main] INFO org.springframework.boot.test.context.SpringBootTestContextBootstrapper - Using TestExecutionListeners: [org.springframework.test.context.web.ServletTestExecutionListener@35aea049, org.springframework.test.context.support.DirtiesContextBeforeModesTestExecutionListener@7205765b, org.springframework.boot.test.mock.mockito.MockitoTestExecutionListener@47987356, org.springframework.boot.test.autoconfigure.SpringBootDependencyInjectionTestExecutionListener@22ef9844, org.springframework.test.context.support.DirtiesContextTestExecutionListener@6283d8b8, org.springframework.test.context.event.EventPublishingTestExecutionListener@3b6ddd1d, org.springframework.boot.test.mock.mockito.ResetMocksTestExecutionListener@3f6b0be5, org.springframework.boot.test.autoconfigure.restdocs.RestDocsTestExecutionListener@611889f4, org.springframework.boot.test.autoconfigure.web.client.MockRestServiceServerResetTestExecutionListener@1da2cb77, org.springframework.boot.test.autoconfigure.web.servlet.MockMvcPrintOnlyOnFailureTestExecutionListener@48f278eb, org.springframework.boot.test.autoconfigure.web.servlet.WebDriverTestExecutionListener@2f217633]
02:39:01.231 [main] DEBUG org.springframework.test.context.support.AbstractDirtiesContextTestExecutionListener - Before test class: context [DefaultTestContext@25fb8912 testClass = DemoApplicationTests, testInstance = [null], testMethod = [null], testException = [null], mergedContextConfiguration = [WebMergedContextConfiguration@7c24b813 testClass = DemoApplicationTests, locations = '{}', classes = '{class com.example.bddspring1585794384.DemoApplication}', contextInitializerClasses = '[]', activeProfiles = '{}', propertySourceLocations = '{}', propertySourceProperties = '{org.springframework.boot.test.context.SpringBootTestContextBootstrapper=true}', contextCustomizers = set[org.springframework.boot.test.context.filter.ExcludeFilterContextCustomizer@48fa0f47, org.springframework.boot.test.json.DuplicateJsonObjectContextCustomizerFactory$DuplicateJsonObjectContextCustomizer@6d2a209c, org.springframework.boot.test.mock.mockito.MockitoContextCustomizer@0, org.springframework.boot.test.web.client.TestRestTemplateContextCustomizer@4ddced80, org.springframework.boot.test.autoconfigure.properties.PropertyMappingContextCustomizer@0, org.springframework.boot.test.autoconfigure.web.servlet.WebDriverContextCustomizerFactory$Customizer@76908cc0], resourceBasePath = 'src/main/webapp', contextLoader = 'org.springframework.boot.test.context.SpringBootContextLoader', parent = [null]], attributes = map['org.springframework.test.context.web.ServletTestExecutionListener.activateListener' -> true]], class annotated with @DirtiesContext [false] with mode [null].
02:39:01.331 [main] DEBUG org.springframework.test.context.support.TestPropertySourceUtils - Adding inlined properties to environment: {spring.jmx.enabled=false, org.springframework.boot.test.context.SpringBootTestContextBootstrapper=true, server.port=-1}

  .   ____          _            __ _ _
 /\\ / ___'_ __ _ _(_)_ __  __ _ \ \ \ \
( ( )\___ | '_ | '_| | '_ \/ _` | \ \ \ \
 \\/  ___)| |_)| | | | | || (_| |  ) ) ) )
  '  |____| .__|_| |_|_| |_\__, | / / / /
 =========|_|==============|___/=/_/_/_/
 :: Spring Boot ::        (v2.2.6.RELEASE)

2020-04-02 02:39:02.064  INFO 62 --- [           main] c.e.b.DemoApplicationTests               : Starting DemoApplicationTests on cb-kubecd-bdd-spring-1585794384-987tv-1-from-build-pack-pdqjt-p with PID 62 (started by root in /workspace/source)
2020-04-02 02:39:02.066  INFO 62 --- [           main] c.e.b.DemoApplicationTests               : No active profile set, falling back to default profiles: default
2020-04-02 02:39:09.621  INFO 62 --- [           main] o.s.s.concurrent.ThreadPoolTaskExecutor  : Initializing ExecutorService 'applicationTaskExecutor'
2020-04-02 02:39:11.665  INFO 62 --- [           main] o.s.b.a.e.web.EndpointLinksResolver      : Exposing 2 endpoint(s) beneath base path '/actuator'
2020-04-02 02:39:12.118  INFO 62 --- [           main] c.e.b.DemoApplicationTests               : Started DemoApplicationTests in 10.764 seconds (JVM running for 13.872)
[INFO] Tests run: 1, Failures: 0, Errors: 0, Skipped: 0, Time elapsed: 12.897 s - in com.example.bddspring1585794384.DemoApplicationTests
2020-04-02 02:39:12.922  INFO 62 --- [extShutdownHook] o.s.s.concurrent.ThreadPoolTaskExecutor  : Shutting down ExecutorService 'applicationTaskExecutor'
[INFO] 
[INFO] Results:
[INFO] 
[INFO] Tests run: 1, Failures: 0, Errors: 0, Skipped: 0
[INFO] 
[INFO] 
[INFO] --- maven-jar-plugin:3.1.2:jar (default-jar) @ bdd-spring-1585794384 ---
[INFO] Building jar: /workspace/source/target/bdd-spring-1585794384-0.0.0-SNAPSHOT-PR-1-1.jar
[INFO] 
[INFO] --- spring-boot-maven-plugin:2.2.6.RELEASE:repackage (repackage) @ bdd-spring-1585794384 ---
[INFO] Replacing main artifact with repackaged archive
[INFO] 
[INFO] --- maven-install-plugin:2.5.2:install (default-install) @ bdd-spring-1585794384 ---
[INFO] Installing /workspace/source/target/bdd-spring-1585794384-0.0.0-SNAPSHOT-PR-1-1.jar to /home/jenkins/.mvnrepository/com/example/bdd-spring-1585794384/0.0.0-SNAPSHOT-PR-1-1/bdd-spring-1585794384-0.0.0-SNAPSHOT-PR-1-1.jar
[INFO] Installing /workspace/source/pom.xml to /home/jenkins/.mvnrepository/com/example/bdd-spring-1585794384/0.0.0-SNAPSHOT-PR-1-1/bdd-spring-1585794384-0.0.0-SNAPSHOT-PR-1-1.pom
[INFO] ------------------------------------------------------------------------
[INFO] BUILD SUCCESS
[INFO] ------------------------------------------------------------------------
[INFO] Total time:  38.995 s
[INFO] Finished at: 2020-04-02T02:39:19Z
[INFO] ------------------------------------------------------------------------

Showing logs for build [32mcb-kubecd-bdd-spring-1585794384-987tv-1[0m stage [32mfrom-build-pack[0m and container [32mstep-build-skaffold-version[0m
v1.0.1

Showing logs for build [32mcb-kubecd-bdd-spring-1585794384-987tv-1[0m stage [32mfrom-build-pack[0m and container [32mstep-build-container-build[0m
[36mINFO[0m[0000] Downloading base image openjdk:8-jdk-slim    
ERROR: logging before flag.Parse: E0402 02:39:19.959480      11 metadata.go:159] while reading 'google-dockercfg-url' metadata: http status code: 404 while fetching url http://metadata.google.internal./computeMetadata/v1/instance/attributes/google-dockercfg-url
ERROR: logging before flag.Parse: E0402 02:39:19.965945      11 metadata.go:142] while reading 'google-dockercfg' metadata: http status code: 404 while fetching url http://metadata.google.internal./computeMetadata/v1/instance/attributes/google-dockercfg
2020/04/02 02:39:19 No matching credentials were found, falling back on anonymous
[36mINFO[0m[0001] Error while retrieving image from cache: getting file info: stat /workspace/sha256:5c3a70480c01b6e20ab8c57dbd308c5cce6ee66d73500261ea15aa4cc0902e49: no such file or directory 
[36mINFO[0m[0001] Downloading base image openjdk:8-jdk-slim    
2020/04/02 02:39:21 No matching credentials were found, falling back on anonymous
[36mINFO[0m[0002] cmd: EXPOSE                                  
[36mINFO[0m[0002] Adding exposed port: 8080/tcp                
[36mINFO[0m[0002] Using files from context: [/workspace/source/pom.xml] 
[36mINFO[0m[0002] Using files from context: [/workspace/source/target/bdd-spring-1585794384-0.0.0-SNAPSHOT-PR-1-1.jar] 
[36mINFO[0m[0002] Skipping unpacking as no commands require it. 
[36mINFO[0m[0002] Taking snapshot of full filesystem...        
[36mINFO[0m[0002] ENV PORT 8080                                
[36mINFO[0m[0002] No files changed in this command, skipping snapshotting. 
[36mINFO[0m[0002] ENV CLASSPATH /opt/lib                       
[36mINFO[0m[0002] No files changed in this command, skipping snapshotting. 
[36mINFO[0m[0002] EXPOSE 8080                                  
[36mINFO[0m[0002] cmd: EXPOSE                                  
[36mINFO[0m[0002] Adding exposed port: 8080/tcp                
[36mINFO[0m[0002] No files changed in this command, skipping snapshotting. 
[36mINFO[0m[0002] Using files from context: [/workspace/source/pom.xml] 
[36mINFO[0m[0002] COPY pom.xml target/lib* /opt/lib/           
[36mINFO[0m[0002] Taking snapshot of files...                  
[36mINFO[0m[0002] Using files from context: [/workspace/source/target/bdd-spring-1585794384-0.0.0-SNAPSHOT-PR-1-1.jar] 
[36mINFO[0m[0002] COPY target/*.jar /opt/app.jar               
[36mINFO[0m[0002] Taking snapshot of files...                  
[36mINFO[0m[0002] WORKDIR /opt                                 
[36mINFO[0m[0002] cmd: workdir                                 
[36mINFO[0m[0002] Changed working directory to /opt            
[36mINFO[0m[0002] No files changed in this command, skipping snapshotting. 
[36mINFO[0m[0002] CMD ["java", "-XX:+UnlockExperimentalVMOptions", "-XX:+UseCGroupMemoryLimitForHeap", "-jar", "app.jar"] 
[36mINFO[0m[0002] No files changed in this command, skipping snapshotting. 
2020/04/02 02:39:23 existing blob: sha256:b3d82fb9640b4c941a26ff89bc30bd267489171d25397878e454ca34d3ea8726
2020/04/02 02:39:23 existing blob: sha256:bf5e36ba391601ebce2c22f34982f56ce9236ca9cfdef13b2bc60457881d84e8
2020/04/02 02:39:23 existing blob: sha256:9b326331fbe038c9d1967250a7cb3671977a484d037853dd292bb9f654f28ee6
2020/04/02 02:39:23 existing blob: sha256:c499e6d256d6d4a546f1c141e04b5b4951983ba7581e39deaf5cc595289ee70f
2020/04/02 02:39:26 pushed blob: sha256:d7a3f0aa5f7494d72f103567fd175cd935b8e60b4a787a52470b4ed19ee82314
2020/04/02 02:39:26 pushed blob: sha256:979b075e00f76da752aedcbc736cf651b875841532d7de0caed89a714d1ffe8d
2020/04/02 02:39:28 pushed blob: sha256:f2685139e5e70c87a232cb51eb81825856ebb928dc6e20cdbf1abf9d2a1b7cc9
2020/04/02 02:39:29 gcr.io/jenkins-x-bdd3/bdd-spring-1585794384:0.0.0-SNAPSHOT-PR-1-1: digest: sha256:a0a6e0fa5fe7555eb2bcd5e348f161059ec577e58037ddf71d1808fc7127c622 size: 1244

Showing logs for build [32mcb-kubecd-bdd-spring-1585794384-987tv-1[0m stage [32mfrom-build-pack[0m and container [32mstep-postbuild-post-build[0m
no CVE provider running in the current ** namespace so skip adding image to be analysed

Showing logs for build [32mcb-kubecd-bdd-spring-1585794384-987tv-1[0m stage [32mfrom-build-pack[0m and container [32mstep-promote-make-preview[0m
sed -i -e "s/version:.*/version: 0.0.0-SNAPSHOT-PR-1-1/" Chart.yaml
sed -i -e "s/version:.*/version: 0.0.0-SNAPSHOT-PR-1-1/" ../*/Chart.yaml
sed -i -e "s|repository:.*|repository: gcr.io\/jenkins-x-bdd3\/bdd-spring-1585794384|" values.yaml
sed -i -e "s/tag:.*/tag: 0.0.0-SNAPSHOT-PR-1-1/" values.yaml
echo "  version: 0.0.0-SNAPSHOT-PR-1-1" >> requirements.yaml
** step helm build
WARNING: No $CHART_REPOSITORY defined so using the default value of: http://jenkins-x-chartmuseum:8080
Adding missing Helm repo: storage.googleapis.com https://storage.googleapis.com/chartmuseum.jenkins-x.io
WARNING: No secrets found on "helm/repos" due: reading the secret "helm/repos" from vault: no secret "helm/repos" not found in vault
Read credentials for https://storage.googleapis.com/chartmuseum.jenkins-x.io from vault helm/repos
Successfully added Helm repository storage.googleapis.com.
Adding missing Helm repo: jenkins-x-chartmuseum http://jenkins-x-chartmuseum:8080
WARNING: No secrets found on "helm/repos" due: reading the secret "helm/repos" from vault: no secret "helm/repos" not found in vault
Read credentials for http://jenkins-x-chartmuseum:8080 from vault helm/repos
Successfully added Helm repository jenkins-x-chartmuseum.
WARNING: No $CHART_REPOSITORY defined so using the default value of: http://jenkins-x-chartmuseum:8080
Adding missing Helm repo: chartmuseum.jenkins-x.io http://chartmuseum.jenkins-x.io
WARNING: No secrets found on "helm/repos" due: reading the secret "helm/repos" from vault: no secret "helm/repos" not found in vault
Read credentials for http://chartmuseum.jenkins-x.io from vault helm/repos
Successfully added Helm repository chartmuseum.jenkins-x.io.

Showing logs for build [32mcb-kubecd-bdd-spring-1585794384-987tv-1[0m stage [32mfrom-build-pack[0m and container [32mstep-promote-jx-preview[0m
Creating a preview
Created environment cb-kubecd-bdd-spring-1585794384-pr-1
Namespace **-cb-kubecd-bdd-spring-1585794384-pr-1 created 
expose:
  Annotations:
    helm.sh/hook: post-install,post-upgrade
    helm.sh/hook-delete-policy: hook-succeeded
  config:
    domain: c**d4.bdd.jenkins-x.rocks
    exposer: Ingress
    http: "true"
preview:
  image:
    repository: gcr.io/jenkins-x-bdd3/bdd-spring-1585794384
    tag: 0.0.0-SNAPSHOT-PR-1-1

Updating PipelineActivities cb-kubecd-bdd-spring-1585794384-pr-1-1 which has status Running
WARNING: preview application http://bdd-spring-1585794384.**-cb-kubecd-bdd-spring-1585794384-pr-1.c**d4.bdd.jenkins-x.rocks not available, error was Get http://bdd-spring-1585794384.**-cb-kubecd-bdd-spring-1585794384-pr-1.c**d4.bdd.jenkins-x.rocks: dial tcp: lookup bdd-spring-1585794384.**-cb-kubecd-bdd-spring-1585794384-pr-1.c**d4.bdd.jenkins-x.rocks on 10.3.240.10:53: no such host, delaying for: 1.283034974s
WARNING: preview application http://bdd-spring-1585794384.**-cb-kubecd-bdd-spring-1585794384-pr-1.c**d4.bdd.jenkins-x.rocks not available, error was Get http://bdd-spring-1585794384.**-cb-kubecd-bdd-spring-1585794384-pr-1.c**d4.bdd.jenkins-x.rocks: dial tcp: lookup bdd-spring-1585794384.**-cb-kubecd-bdd-spring-1585794384-pr-1.c**d4.bdd.jenkins-x.rocks on 10.3.240.10:53: no such host, delaying for: 956.706092ms
WARNING: preview application http://bdd-spring-1585794384.**-cb-kubecd-bdd-spring-1585794384-pr-1.c**d4.bdd.jenkins-x.rocks not available, error was Get http://bdd-spring-1585794384.**-cb-kubecd-bdd-spring-1585794384-pr-1.c**d4.bdd.jenkins-x.rocks: dial tcp: lookup bdd-spring-1585794384.**-cb-kubecd-bdd-spring-1585794384-pr-1.c**d4.bdd.jenkins-x.rocks on 10.3.240.10:53: no such host, delaying for: 1.345569468s
WARNING: preview application http://bdd-spring-1585794384.**-cb-kubecd-bdd-spring-1585794384-pr-1.c**d4.bdd.jenkins-x.rocks not available, error was Get http://bdd-spring-1585794384.**-cb-kubecd-bdd-spring-1585794384-pr-1.c**d4.bdd.jenkins-x.rocks: dial tcp: lookup bdd-spring-1585794384.**-cb-kubecd-bdd-spring-1585794384-pr-1.c**d4.bdd.jenkins-x.rocks on 10.3.240.10:53: no such host, delaying for: 4.050971572s
WARNING: preview application http://bdd-spring-1585794384.**-cb-kubecd-bdd-spring-1585794384-pr-1.c**d4.bdd.jenkins-x.rocks not available, error was Get http://bdd-spring-1585794384.**-cb-kubecd-bdd-spring-1585794384-pr-1.c**d4.bdd.jenkins-x.rocks: dial tcp: lookup bdd-spring-1585794384.**-cb-kubecd-bdd-spring-1585794384-pr-1.c**d4.bdd.jenkins-x.rocks on 10.3.240.10:53: no such host, delaying for: 2.640264778s
WARNING: preview application http://bdd-spring-1585794384.**-cb-kubecd-bdd-spring-1585794384-pr-1.c**d4.bdd.jenkins-x.rocks not available, error was Get http://bdd-spring-1585794384.**-cb-kubecd-bdd-spring-1585794384-pr-1.c**d4.bdd.jenkins-x.rocks: dial tcp: lookup bdd-spring-1585794384.**-cb-kubecd-bdd-spring-1585794384-pr-1.c**d4.bdd.jenkins-x.rocks on 10.3.240.10:53: no such host, delaying for: 7.589083593s
WARNING: preview application http://bdd-spring-1585794384.**-cb-kubecd-bdd-spring-1585794384-pr-1.c**d4.bdd.jenkins-x.rocks not available, error was Get http://bdd-spring-1585794384.**-cb-kubecd-bdd-spring-1585794384-pr-1.c**d4.bdd.jenkins-x.rocks: dial tcp: lookup bdd-spring-1585794384.**-cb-kubecd-bdd-spring-1585794384-pr-1.c**d4.bdd.jenkins-x.rocks on 10.3.240.10:53: no such host, delaying for: 6.520544564s
WARNING: preview application http://bdd-spring-1585794384.**-cb-kubecd-bdd-spring-1585794384-pr-1.c**d4.bdd.jenkins-x.rocks not available, error was Get http://bdd-spring-1585794384.**-cb-kubecd-bdd-spring-1585794384-pr-1.c**d4.bdd.jenkins-x.rocks: dial tcp: lookup bdd-spring-1585794384.**-cb-kubecd-bdd-spring-1585794384-pr-1.c**d4.bdd.jenkins-x.rocks on 10.3.240.10:53: no such host, delaying for: 10.199180659s
WARNING: preview application http://bdd-spring-1585794384.**-cb-kubecd-bdd-spring-1585794384-pr-1.c**d4.bdd.jenkins-x.rocks not available, error was Get http://bdd-spring-1585794384.**-cb-kubecd-bdd-spring-1585794384-pr-1.c**d4.bdd.jenkins-x.rocks: dial tcp: lookup bdd-spring-1585794384.**-cb-kubecd-bdd-spring-1585794384-pr-1.c**d4.bdd.jenkins-x.rocks on 10.3.240.10:53: no such host, delaying for: 37.600023335s
WARNING: preview application http://bdd-spring-1585794384.**-cb-kubecd-bdd-spring-1585794384-pr-1.c**d4.bdd.jenkins-x.rocks not available, error was Get http://bdd-spring-1585794384.**-cb-kubecd-bdd-spring-1585794384-pr-1.c**d4.bdd.jenkins-x.rocks: dial tcp: lookup bdd-spring-1585794384.**-cb-kubecd-bdd-spring-1585794384-pr-1.c**d4.bdd.jenkins-x.rocks on 10.3.240.10:53: no such host, delaying for: 35.856053632s
WARNING: preview application http://bdd-spring-1585794384.**-cb-kubecd-bdd-spring-1585794384-pr-1.c**d4.bdd.jenkins-x.rocks not available, error was Get http://bdd-spring-1585794384.**-cb-kubecd-bdd-spring-1585794384-pr-1.c**d4.bdd.jenkins-x.rocks: dial tcp: lookup bdd-spring-1585794384.**-cb-kubecd-bdd-spring-1585794384-pr-1.c**d4.bdd.jenkins-x.rocks on 10.3.240.10:53: no such host, delaying for: 29.275456602s
WARNING: preview application http://bdd-spring-1585794384.**-cb-kubecd-bdd-spring-1585794384-pr-1.c**d4.bdd.jenkins-x.rocks not available, error was Get http://bdd-spring-1585794384.**-cb-kubecd-bdd-spring-1585794384-pr-1.c**d4.bdd.jenkins-x.rocks: dial tcp: lookup bdd-spring-1585794384.**-cb-kubecd-bdd-spring-1585794384-pr-1.c**d4.bdd.jenkins-x.rocks on 10.3.240.10:53: no such host, delaying for: 1m4.701075416s
Preview application is now available at: http://bdd-spring-1585794384.**-cb-kubecd-bdd-spring-1585794384-pr-1.c**d4.bdd.jenkins-x.rocks
